[2025-02-21 00:35:17] production.ERROR: Database file at path [D:\xampp_personal\htdocs\Avatarcom\database\database.sqlite] does not exist. Ensure this is an absolute path to the database. (Connection: sqlite, SQL: PRAGMA foreign_keys = ON;) {"exception":"[object] (Illuminate\\Database\\QueryException(code: 0): Database file at path [D:\\xampp_personal\\htdocs\\Avatarcom\\database\\database.sqlite] does not exist. Ensure this is an absolute path to the database. (Connection: sqlite, SQL: PRAGMA foreign_keys = ON;) at D:\\xampp_personal\\htdocs\\Avatarcom\\vendor\\laravel\\framework\\src\\Illuminate\\Database\\Connection.php:829)
[stacktrace]
#0 D:\\xampp_personal\\htdocs\\Avatarcom\\vendor\\laravel\\framework\\src\\Illuminate\\Database\\Connection.php(783): Illuminate\\Database\\Connection->runQueryCallback('PRAGMA foreign_...', Array, Object(Closure))
#1 D:\\xampp_personal\\htdocs\\Avatarcom\\vendor\\laravel\\framework\\src\\Illuminate\\Database\\Connection.php(576): Illuminate\\Database\\Connection->run('PRAGMA foreign_...', Array, Object(Closure))
#2 D:\\xampp_personal\\htdocs\\Avatarcom\\vendor\\laravel\\framework\\src\\Illuminate\\Database\\Schema\\Builder.php(560): Illuminate\\Database\\Connection->statement('PRAGMA foreign_...')
#3 D:\\xampp_personal\\htdocs\\Avatarcom\\vendor\\laravel\\framework\\src\\Illuminate\\Database\\SQLiteConnection.php(36): Illuminate\\Database\\Schema\\Builder->enableForeignKeyConstraints()
#4 D:\\xampp_personal\\htdocs\\Avatarcom\\vendor\\laravel\\framework\\src\\Illuminate\\Database\\Connectors\\ConnectionFactory.php(272): Illuminate\\Database\\SQLiteConnection->__construct(Object(Closure), 'D:\\\\xampp_person...', '', Array)
#5 D:\\xampp_personal\\htdocs\\Avatarcom\\vendor\\laravel\\framework\\src\\Illuminate\\Database\\Connectors\\ConnectionFactory.php(75): Illuminate\\Database\\Connectors\\ConnectionFactory->createConnection('sqlite', Object(Closure), 'D:\\\\xampp_person...', '', Array)
#6 D:\\xampp_personal\\htdocs\\Avatarcom\\vendor\\laravel\\framework\\src\\Illuminate\\Database\\Connectors\\ConnectionFactory.php(50): Illuminate\\Database\\Connectors\\ConnectionFactory->createSingleConnection(Array)
#7 D:\\xampp_personal\\htdocs\\Avatarcom\\vendor\\laravel\\framework\\src\\Illuminate\\Database\\DatabaseManager.php(175): Illuminate\\Database\\Connectors\\ConnectionFactory->make(Array, 'sqlite')
#8 D:\\xampp_personal\\htdocs\\Avatarcom\\vendor\\laravel\\framework\\src\\Illuminate\\Database\\DatabaseManager.php(101): Illuminate\\Database\\DatabaseManager->makeConnection('sqlite')
#9 D:\\xampp_personal\\htdocs\\Avatarcom\\vendor\\laravel\\framework\\src\\Illuminate\\Database\\DatabaseServiceProvider.php(74): Illuminate\\Database\\DatabaseManager->connection()
#10 D:\\xampp_personal\\htdocs\\Avatarcom\\vendor\\laravel\\framework\\src\\Illuminate\\Container\\Container.php(908): Illuminate\\Database\\DatabaseServiceProvider->Illuminate\\Database\\{closure}(Object(Illuminate\\Foundation\\Application), Array)
#11 D:\\xampp_personal\\htdocs\\Avatarcom\\vendor\\laravel\\framework\\src\\Illuminate\\Container\\Container.php(795): Illuminate\\Container\\Container->build(Object(Closure))
#12 D:\\xampp_personal\\htdocs\\Avatarcom\\vendor\\laravel\\framework\\src\\Illuminate\\Foundation\\Application.php(963): Illuminate\\Container\\Container->resolve('db.schema', Array, true)
#13 D:\\xampp_personal\\htdocs\\Avatarcom\\vendor\\laravel\\framework\\src\\Illuminate\\Container\\Container.php(731): Illuminate\\Foundation\\Application->resolve('db.schema', Array)
#14 D:\\xampp_personal\\htdocs\\Avatarcom\\vendor\\laravel\\framework\\src\\Illuminate\\Foundation\\Application.php(948): Illuminate\\Container\\Container->make('db.schema', Array)
#15 D:\\xampp_personal\\htdocs\\Avatarcom\\vendor\\laravel\\framework\\src\\Illuminate\\Container\\Container.php(1454): Illuminate\\Foundation\\Application->make('db.schema')
#16 D:\\xampp_personal\\htdocs\\Avatarcom\\vendor\\laravel\\framework\\src\\Illuminate\\Support\\Facades\\Facade.php(240): Illuminate\\Container\\Container->offsetGet('db.schema')
#17 D:\\xampp_personal\\htdocs\\Avatarcom\\vendor\\laravel\\framework\\src\\Illuminate\\Support\\Facades\\Facade.php(208): Illuminate\\Support\\Facades\\Facade::resolveFacadeInstance('db.schema')
#18 D:\\xampp_personal\\htdocs\\Avatarcom\\vendor\\laravel\\framework\\src\\Illuminate\\Support\\Facades\\Facade.php(349): Illuminate\\Support\\Facades\\Facade::getFacadeRoot()
#19 D:\\xampp_personal\\htdocs\\Avatarcom\\platform\\core\\base\\src\\Providers\\BaseServiceProvider.php(95): Illuminate\\Support\\Facades\\Facade::__callStatic('defaultStringLe...', Array)
#20 D:\\xampp_personal\\htdocs\\Avatarcom\\vendor\\laravel\\framework\\src\\Illuminate\\Foundation\\Application.php(794): Botble\\Base\\Providers\\BaseServiceProvider->register()
#21 D:\\xampp_personal\\htdocs\\Avatarcom\\vendor\\laravel\\framework\\src\\Illuminate\\Foundation\\ProviderRepository.php(75): Illuminate\\Foundation\\Application->register(Object(Botble\\Base\\Providers\\BaseServiceProvider))
#22 D:\\xampp_personal\\htdocs\\Avatarcom\\vendor\\laravel\\framework\\src\\Illuminate\\Foundation\\Application.php(771): Illuminate\\Foundation\\ProviderRepository->load(Array)
#23 D:\\xampp_personal\\htdocs\\Avatarcom\\vendor\\laravel\\framework\\src\\Illuminate\\Foundation\\Bootstrap\\RegisterProviders.php(17): Illuminate\\Foundation\\Application->registerConfiguredProviders()
#24 D:\\xampp_personal\\htdocs\\Avatarcom\\vendor\\laravel\\framework\\src\\Illuminate\\Foundation\\Application.php(263): Illuminate\\Foundation\\Bootstrap\\RegisterProviders->bootstrap(Object(Illuminate\\Foundation\\Application))
#25 D:\\xampp_personal\\htdocs\\Avatarcom\\vendor\\laravel\\framework\\src\\Illuminate\\Foundation\\Console\\Kernel.php(447): Illuminate\\Foundation\\Application->bootstrapWith(Array)
#26 D:\\xampp_personal\\htdocs\\Avatarcom\\vendor\\laravel\\framework\\src\\Illuminate\\Foundation\\Console\\Kernel.php(199): Illuminate\\Foundation\\Console\\Kernel->bootstrap()
#27 D:\\xampp_personal\\htdocs\\Avatarcom\\artisan(15): Illuminate\\Foundation\\Console\\Kernel->handle(Object(Symfony\\Component\\Console\\Input\\ArgvInput), Object(Symfony\\Component\\Console\\Output\\ConsoleOutput))
#28 {main}

[previous exception] [object] (Illuminate\\Database\\SQLiteDatabaseDoesNotExistException(code: 0): Database file at path [D:\\xampp_personal\\htdocs\\Avatarcom\\database\\database.sqlite] does not exist. Ensure this is an absolute path to the database. at D:\\xampp_personal\\htdocs\\Avatarcom\\vendor\\laravel\\framework\\src\\Illuminate\\Database\\Connectors\\SQLiteConnector.php:34)
[stacktrace]
#0 D:\\xampp_personal\\htdocs\\Avatarcom\\vendor\\laravel\\framework\\src\\Illuminate\\Database\\Connectors\\ConnectionFactory.php(221): Illuminate\\Database\\Connectors\\SQLiteConnector->connect(Array)
#1 [internal function]: Illuminate\\Database\\Connectors\\ConnectionFactory->Illuminate\\Database\\Connectors\\{closure}()
#2 D:\\xampp_personal\\htdocs\\Avatarcom\\vendor\\laravel\\framework\\src\\Illuminate\\Database\\Connection.php(1339): call_user_func(Object(Closure))
#3 D:\\xampp_personal\\htdocs\\Avatarcom\\vendor\\laravel\\framework\\src\\Illuminate\\Database\\Connection.php(581): Illuminate\\Database\\Connection->getPdo()
#4 D:\\xampp_personal\\htdocs\\Avatarcom\\vendor\\laravel\\framework\\src\\Illuminate\\Database\\Connection.php(816): Illuminate\\Database\\Connection->Illuminate\\Database\\{closure}('PRAGMA foreign_...', Array)
#5 D:\\xampp_personal\\htdocs\\Avatarcom\\vendor\\laravel\\framework\\src\\Illuminate\\Database\\Connection.php(783): Illuminate\\Database\\Connection->runQueryCallback('PRAGMA foreign_...', Array, Object(Closure))
#6 D:\\xampp_personal\\htdocs\\Avatarcom\\vendor\\laravel\\framework\\src\\Illuminate\\Database\\Connection.php(576): Illuminate\\Database\\Connection->run('PRAGMA foreign_...', Array, Object(Closure))
#7 D:\\xampp_personal\\htdocs\\Avatarcom\\vendor\\laravel\\framework\\src\\Illuminate\\Database\\Schema\\Builder.php(560): Illuminate\\Database\\Connection->statement('PRAGMA foreign_...')
#8 D:\\xampp_personal\\htdocs\\Avatarcom\\vendor\\laravel\\framework\\src\\Illuminate\\Database\\SQLiteConnection.php(36): Illuminate\\Database\\Schema\\Builder->enableForeignKeyConstraints()
#9 D:\\xampp_personal\\htdocs\\Avatarcom\\vendor\\laravel\\framework\\src\\Illuminate\\Database\\Connectors\\ConnectionFactory.php(272): Illuminate\\Database\\SQLiteConnection->__construct(Object(Closure), 'D:\\\\xampp_person...', '', Array)
#10 D:\\xampp_personal\\htdocs\\Avatarcom\\vendor\\laravel\\framework\\src\\Illuminate\\Database\\Connectors\\ConnectionFactory.php(75): Illuminate\\Database\\Connectors\\ConnectionFactory->createConnection('sqlite', Object(Closure), 'D:\\\\xampp_person...', '', Array)
#11 D:\\xampp_personal\\htdocs\\Avatarcom\\vendor\\laravel\\framework\\src\\Illuminate\\Database\\Connectors\\ConnectionFactory.php(50): Illuminate\\Database\\Connectors\\ConnectionFactory->createSingleConnection(Array)
#12 D:\\xampp_personal\\htdocs\\Avatarcom\\vendor\\laravel\\framework\\src\\Illuminate\\Database\\DatabaseManager.php(175): Illuminate\\Database\\Connectors\\ConnectionFactory->make(Array, 'sqlite')
#13 D:\\xampp_personal\\htdocs\\Avatarcom\\vendor\\laravel\\framework\\src\\Illuminate\\Database\\DatabaseManager.php(101): Illuminate\\Database\\DatabaseManager->makeConnection('sqlite')
#14 D:\\xampp_personal\\htdocs\\Avatarcom\\vendor\\laravel\\framework\\src\\Illuminate\\Database\\DatabaseServiceProvider.php(74): Illuminate\\Database\\DatabaseManager->connection()
#15 D:\\xampp_personal\\htdocs\\Avatarcom\\vendor\\laravel\\framework\\src\\Illuminate\\Container\\Container.php(908): Illuminate\\Database\\DatabaseServiceProvider->Illuminate\\Database\\{closure}(Object(Illuminate\\Foundation\\Application), Array)
#16 D:\\xampp_personal\\htdocs\\Avatarcom\\vendor\\laravel\\framework\\src\\Illuminate\\Container\\Container.php(795): Illuminate\\Container\\Container->build(Object(Closure))
#17 D:\\xampp_personal\\htdocs\\Avatarcom\\vendor\\laravel\\framework\\src\\Illuminate\\Foundation\\Application.php(963): Illuminate\\Container\\Container->resolve('db.schema', Array, true)
#18 D:\\xampp_personal\\htdocs\\Avatarcom\\vendor\\laravel\\framework\\src\\Illuminate\\Container\\Container.php(731): Illuminate\\Foundation\\Application->resolve('db.schema', Array)
#19 D:\\xampp_personal\\htdocs\\Avatarcom\\vendor\\laravel\\framework\\src\\Illuminate\\Foundation\\Application.php(948): Illuminate\\Container\\Container->make('db.schema', Array)
#20 D:\\xampp_personal\\htdocs\\Avatarcom\\vendor\\laravel\\framework\\src\\Illuminate\\Container\\Container.php(1454): Illuminate\\Foundation\\Application->make('db.schema')
#21 D:\\xampp_personal\\htdocs\\Avatarcom\\vendor\\laravel\\framework\\src\\Illuminate\\Support\\Facades\\Facade.php(240): Illuminate\\Container\\Container->offsetGet('db.schema')
#22 D:\\xampp_personal\\htdocs\\Avatarcom\\vendor\\laravel\\framework\\src\\Illuminate\\Support\\Facades\\Facade.php(208): Illuminate\\Support\\Facades\\Facade::resolveFacadeInstance('db.schema')
#23 D:\\xampp_personal\\htdocs\\Avatarcom\\vendor\\laravel\\framework\\src\\Illuminate\\Support\\Facades\\Facade.php(349): Illuminate\\Support\\Facades\\Facade::getFacadeRoot()
#24 D:\\xampp_personal\\htdocs\\Avatarcom\\platform\\core\\base\\src\\Providers\\BaseServiceProvider.php(95): Illuminate\\Support\\Facades\\Facade::__callStatic('defaultStringLe...', Array)
#25 D:\\xampp_personal\\htdocs\\Avatarcom\\vendor\\laravel\\framework\\src\\Illuminate\\Foundation\\Application.php(794): Botble\\Base\\Providers\\BaseServiceProvider->register()
#26 D:\\xampp_personal\\htdocs\\Avatarcom\\vendor\\laravel\\framework\\src\\Illuminate\\Foundation\\ProviderRepository.php(75): Illuminate\\Foundation\\Application->register(Object(Botble\\Base\\Providers\\BaseServiceProvider))
#27 D:\\xampp_personal\\htdocs\\Avatarcom\\vendor\\laravel\\framework\\src\\Illuminate\\Foundation\\Application.php(771): Illuminate\\Foundation\\ProviderRepository->load(Array)
#28 D:\\xampp_personal\\htdocs\\Avatarcom\\vendor\\laravel\\framework\\src\\Illuminate\\Foundation\\Bootstrap\\RegisterProviders.php(17): Illuminate\\Foundation\\Application->registerConfiguredProviders()
#29 D:\\xampp_personal\\htdocs\\Avatarcom\\vendor\\laravel\\framework\\src\\Illuminate\\Foundation\\Application.php(263): Illuminate\\Foundation\\Bootstrap\\RegisterProviders->bootstrap(Object(Illuminate\\Foundation\\Application))
#30 D:\\xampp_personal\\htdocs\\Avatarcom\\vendor\\laravel\\framework\\src\\Illuminate\\Foundation\\Console\\Kernel.php(447): Illuminate\\Foundation\\Application->bootstrapWith(Array)
#31 D:\\xampp_personal\\htdocs\\Avatarcom\\vendor\\laravel\\framework\\src\\Illuminate\\Foundation\\Console\\Kernel.php(199): Illuminate\\Foundation\\Console\\Kernel->bootstrap()
#32 D:\\xampp_personal\\htdocs\\Avatarcom\\artisan(15): Illuminate\\Foundation\\Console\\Kernel->handle(Object(Symfony\\Component\\Console\\Input\\ArgvInput), Object(Symfony\\Component\\Console\\Output\\ConsoleOutput))
#33 {main}
"} 
